{"uid":"55ad68d1a8ad217a","name":"Configuring drivers","fullName":"com.dotdash.basetest.BaseTest.setup","historyId":"a7adb62b16809a5e443ad34cc25503a5","time":{"start":1669802276767,"stop":1669802276770,"duration":3},"status":"broken","statusMessage":"Could not start a new session. Possible causes are invalid address of the remote server or browser start-up failure.","statusTrace":"org.openqa.selenium.SessionNotCreatedException: Could not start a new session. Possible causes are invalid address of the remote server or browser start-up failure.\n\tat org.openqa.selenium.remote.RemoteWebDriver.execute(RemoteWebDriver.java:565)\n\tat org.openqa.selenium.remote.RemoteWebDriver.startSession(RemoteWebDriver.java:242)\n\tat org.openqa.selenium.remote.RemoteWebDriver.<init>(RemoteWebDriver.java:157)\n\tat org.openqa.selenium.chromium.ChromiumDriver.<init>(ChromiumDriver.java:101)\n\tat org.openqa.selenium.chrome.ChromeDriver.<init>(ChromeDriver.java:81)\n\tat org.openqa.selenium.chrome.ChromeDriver.<init>(ChromeDriver.java:70)\n\tat com.dotdash.utils.drivers.TLDriverFactory.setTLDriver(TLDriverFactory.java:21)\n\tat com.dotdash.basetest.BaseTest.setup(BaseTest.java:29)\n\tat jdk.internal.reflect.GeneratedMethodAccessor30.invoke(Unknown Source)\n\tat java.base/jdk.internal.reflect.DelegatingMethodAccessorImpl.invoke(DelegatingMethodAccessorImpl.java:43)\n\tat java.base/java.lang.reflect.Method.invoke(Method.java:566)\n\tat org.testng.internal.invokers.MethodInvocationHelper.invokeMethod(MethodInvocationHelper.java:139)\n\tat org.testng.internal.invokers.MethodInvocationHelper.invokeMethodConsideringTimeout(MethodInvocationHelper.java:69)\n\tat org.testng.internal.invokers.ConfigInvoker.invokeConfigurationMethod(ConfigInvoker.java:361)\n\tat org.testng.internal.invokers.ConfigInvoker.invokeConfigurations(ConfigInvoker.java:296)\n\tat org.testng.internal.invokers.TestInvoker.runConfigMethods(TestInvoker.java:816)\n\tat org.testng.internal.invokers.TestInvoker.invokeMethod(TestInvoker.java:590)\n\tat org.testng.internal.invokers.TestInvoker.invokeTestMethod(TestInvoker.java:221)\n\tat org.testng.internal.invokers.MethodRunner.runInSequence(MethodRunner.java:50)\n\tat org.testng.internal.invokers.TestInvoker$MethodInvocationAgent.invoke(TestInvoker.java:962)\n\tat org.testng.internal.invokers.TestInvoker.invokeTestMethods(TestInvoker.java:194)\n\tat org.testng.internal.invokers.TestMethodWorker.invokeTestMethods(TestMethodWorker.java:148)\n\tat org.testng.internal.invokers.TestMethodWorker.run(TestMethodWorker.java:128)\n\tat java.base/java.util.concurrent.ThreadPoolExecutor.runWorker(ThreadPoolExecutor.java:1128)\n\tat java.base/java.util.concurrent.ThreadPoolExecutor$Worker.run(ThreadPoolExecutor.java:628)\n\tat java.base/java.lang.Thread.run(Thread.java:829)\nCaused by: org.openqa.selenium.WebDriverException: Driver server process died prematurely.\nBuild info: version: '4.4.0', revision: 'e5c75ed026a'\nSystem info: host: 'fv-az208-3', ip: '10.1.0.182', os.name: 'Linux', os.arch: 'amd64', os.version: '5.15.0-1023-azure', java.version: '11.0.11'\nDriver info: driver.version: ChromeDriver\n\tat org.openqa.selenium.remote.service.DriverService.start(DriverService.java:226)\n\tat org.openqa.selenium.remote.service.DriverCommandExecutor.execute(DriverCommandExecutor.java:98)\n\tat org.openqa.selenium.remote.RemoteWebDriver.execute(RemoteWebDriver.java:547)\n\t... 25 more\n","flaky":false,"newFailed":false,"newBroken":false,"newPassed":false,"retriesCount":0,"retriesStatusChange":false,"beforeStages":[{"name":"Downloading and Setting browser drivers","time":{"start":1669802276609,"stop":1669802276639,"duration":30},"description":"Downloading and Setting browser drivers","status":"passed","steps":[],"attachments":[],"parameters":[],"stepsCount":0,"attachmentsCount":0,"shouldDisplayMessage":false,"hasContent":false}],"afterStages":[],"labels":[{"name":"package","value":"com.dotdash.ContextMenuTests"},{"name":"testClass","value":"com.dotdash.ContextMenuTests"},{"name":"testMethod","value":"setup"},{"name":"parentSuite","value":"Suite"},{"name":"suite","value":"chrome"},{"name":"subSuite","value":"com.dotdash.ContextMenuTests"},{"name":"host","value":"fv-az208-3"},{"name":"thread","value":"2768@fv-az208-3.TestNG-test=chrome-5(207)"},{"name":"framework","value":"testng"},{"name":"language","value":"java"},{"name":"AS_ID","value":"-1"},{"name":"resultFormat","value":"allure2"}],"parameters":[{"name":"browser","value":"chrome"},{"name":"driverClass","value":"ChromeDriver"}],"links":[],"hidden":false,"retry":false,"extra":{"severity":"normal","retries":[],"categories":[{"name":"Test defects","matchedStatuses":[],"flaky":false}],"tags":[]},"source":"55ad68d1a8ad217a.json","parameterValues":["chrome","ChromeDriver"]}